{"uuid":"92e45c86-24fb-4ebc-8d63-665fc260c2a7","historyId":"da93f6eea79d571031d6e3514bed2d88","fullName":"testCases.CheckOutCart.checkOutCart","labels":[{"name":"package","value":"testCases.CheckOutCart"},{"name":"testClass","value":"testCases.CheckOutCart"},{"name":"testMethod","value":"checkOutCart"},{"name":"parentSuite","value":"Default Suite"},{"name":"suite","value":"SwagLabsAppByAppium2"},{"name":"subSuite","value":"testCases.CheckOutCart"},{"name":"host","value":"Yehia-Metwally"},{"name":"thread","value":"22424@Yehia-Metwally.main(1)"},{"name":"framework","value":"testng"},{"name":"language","value":"java"},{"name":"story","value":"Verify to Checkout Cart"},{"name":"feature","value":"Checkout"},{"name":"epic","value":"SwagLabs Android App"}],"links":[],"name":"checkOutCart","status":"broken","statusDetails":{"known":false,"muted":false,"flaky":false,"message":"Expected condition failed: waiting for utils.W3CTouchActions$$Lambda/0x000001e6013a89f0@3f33bb6f (tried for 15 second(s) with 100 milliseconds interval)","trace":"org.openqa.selenium.TimeoutException: Expected condition failed: waiting for utils.W3CTouchActions$$Lambda/0x000001e6013a89f0@3f33bb6f (tried for 15 second(s) with 100 milliseconds interval)\r\n\tat org.openqa.selenium.support.ui.FluentWait.timeoutException(FluentWait.java:265)\r\n\tat org.openqa.selenium.support.ui.FluentWait.until(FluentWait.java:228)\r\n\tat utils.W3CTouchActions.swipeIntoScreen(W3CTouchActions.java:141)\r\n\tat pagesByW3cTouchActions.CartCheckOutOverviewPage.scrollToPaymentInfoView(CartCheckOutOverviewPage.java:166)\r\n\tat testCases.CheckOutCart.checkOutCart(CheckOutCart.java:105)\r\n\tat java.base/jdk.internal.reflect.DirectMethodHandleAccessor.invoke(DirectMethodHandleAccessor.java:103)\r\n\tat java.base/java.lang.reflect.Method.invoke(Method.java:580)\r\n\tat org.testng.internal.invokers.MethodInvocationHelper.invokeMethod(MethodInvocationHelper.java:141)\r\n\tat org.testng.internal.invokers.TestInvoker.invokeMethod(TestInvoker.java:686)\r\n\tat org.testng.internal.invokers.TestInvoker.invokeTestMethod(TestInvoker.java:230)\r\n\tat org.testng.internal.invokers.MethodRunner.runInSequence(MethodRunner.java:63)\r\n\tat org.testng.internal.invokers.TestInvoker$MethodInvocationAgent.invoke(TestInvoker.java:992)\r\n\tat org.testng.internal.invokers.TestInvoker.invokeTestMethods(TestInvoker.java:203)\r\n\tat org.testng.internal.invokers.TestMethodWorker.invokeTestMethods(TestMethodWorker.java:154)\r\n\tat org.testng.internal.invokers.TestMethodWorker.run(TestMethodWorker.java:134)\r\n\tat java.base/java.util.ArrayList.forEach(ArrayList.java:1596)\r\n\tat org.testng.TestRunner.privateRun(TestRunner.java:739)\r\n\tat org.testng.TestRunner.run(TestRunner.java:614)\r\n\tat org.testng.SuiteRunner.runTest(SuiteRunner.java:421)\r\n\tat org.testng.SuiteRunner.runSequentially(SuiteRunner.java:413)\r\n\tat org.testng.SuiteRunner.privateRun(SuiteRunner.java:373)\r\n\tat org.testng.SuiteRunner.run(SuiteRunner.java:312)\r\n\tat org.testng.SuiteRunnerWorker.runSuite(SuiteRunnerWorker.java:52)\r\n\tat org.testng.SuiteRunnerWorker.run(SuiteRunnerWorker.java:95)\r\n\tat org.testng.TestNG.runSuitesSequentially(TestNG.java:1274)\r\n\tat org.testng.TestNG.runSuitesLocally(TestNG.java:1208)\r\n\tat org.testng.TestNG.runSuites(TestNG.java:1112)\r\n\tat org.testng.TestNG.run(TestNG.java:1079)\r\n\tat com.intellij.rt.testng.IDEARemoteTestNG.run(IDEARemoteTestNG.java:65)\r\n\tat com.intellij.rt.testng.RemoteTestNGStarter.main(RemoteTestNGStarter.java:105)\r\nCaused by: org.openqa.selenium.NoSuchElementException: An element could not be located on the page using the given search parameters.\nFor documentation on this error, please visit: https://www.selenium.dev/documentation/webdriver/troubleshooting/errors#no-such-element-exception\nBuild info: version: '4.23.1', revision: '656257d8e9'\nSystem info: os.name: 'Windows 10', os.arch: 'amd64', os.version: '10.0', java.version: '21.0.3'\nDriver info: io.appium.java_client.android.AndroidDriver\nCommand: [c666c22f-b01a-4f93-b528-fb1f2c3e3c0a, findElement {value=(//*[@text=\"Payment Information:\"]/following-sibling::android.widget.TextView)[1], using=accessibility id}]\nCapabilities {appium:appActivity: com.swaglabsmobileapp.MainA..., appium:appPackage: com.swaglabsmobileapp, appium:automationName: UiAutomator2, appium:databaseEnabled: false, appium:desired: {appActivity: com.swaglabsmobileapp.MainA..., appPackage: com.swaglabsmobileapp, automationName: UiAutomator2, deviceName: SM-M515F/DSN, platformName: ANDROID, platformVersion: 12, udid: RF8NA1WZTCE}, appium:deviceApiLevel: 31, appium:deviceManufacturer: samsung, appium:deviceModel: SM-M515F, appium:deviceName: RF8NA1WZTCE, appium:deviceScreenDensity: 420, appium:deviceScreenSize: 1080x2400, appium:deviceUDID: RF8NA1WZTCE, appium:javascriptEnabled: true, appium:locationContextEnabled: false, appium:networkConnectionEnabled: true, appium:pixelRatio: 2.625, appium:platformVersion: 12, appium:statBarHeight: 91, appium:takesScreenshot: true, appium:udid: RF8NA1WZTCE, appium:viewportRect: {height: 2309, left: 0, top: 91, width: 1080}, appium:warnings: {}, appium:webStorageEnabled: false, platformName: ANDROID}\nSession ID: c666c22f-b01a-4f93-b528-fb1f2c3e3c0a\r\n\tat java.base/jdk.internal.reflect.DirectConstructorHandleAccessor.newInstance(DirectConstructorHandleAccessor.java:62)\r\n\tat java.base/java.lang.reflect.Constructor.newInstanceWithCaller(Constructor.java:502)\r\n\tat java.base/java.lang.reflect.Constructor.newInstance(Constructor.java:486)\r\n\tat org.openqa.selenium.remote.ErrorCodec.decode(ErrorCodec.java:167)\r\n\tat org.openqa.selenium.remote.codec.w3c.W3CHttpResponseCodec.decode(W3CHttpResponseCodec.java:138)\r\n\tat org.openqa.selenium.remote.codec.w3c.W3CHttpResponseCodec.decode(W3CHttpResponseCodec.java:50)\r\n\tat org.openqa.selenium.remote.HttpCommandExecutor.execute(HttpCommandExecutor.java:190)\r\n\tat io.appium.java_client.remote.AppiumCommandExecutor.execute(AppiumCommandExecutor.java:237)\r\n\tat org.openqa.selenium.remote.RemoteWebDriver.execute(RemoteWebDriver.java:545)\r\n\tat org.openqa.selenium.remote.ElementLocation$ElementFinder$2.findElement(ElementLocation.java:165)\r\n\tat org.openqa.selenium.remote.ElementLocation.findElement(ElementLocation.java:59)\r\n\tat org.openqa.selenium.remote.RemoteWebDriver.findElement(RemoteWebDriver.java:368)\r\n\tat org.openqa.selenium.remote.RemoteWebDriver.findElement(RemoteWebDriver.java:362)\r\n\tat utils.W3CTouchActions.lambda$swipeIntoScreen$5(W3CTouchActions.java:144)\r\n\tat org.openqa.selenium.support.ui.FluentWait.until(FluentWait.java:203)\r\n\t... 28 more\r\n"},"stage":"finished","steps":[{"name":"Enter Username","status":"passed","stage":"finished","steps":[],"attachments":[],"parameters":[{"name":"username","value":"standard_user"}],"start":1726256180224,"stop":1726256182813},{"name":"Enter Password","status":"passed","stage":"finished","steps":[],"attachments":[],"parameters":[{"name":"password","value":"secret_sauce"}],"start":1726256182815,"stop":1726256185373},{"name":"Click on Submit Button","status":"passed","stage":"finished","steps":[],"attachments":[],"parameters":[],"start":1726256185374,"stop":1726256187571},{"name":"Assert Home Page is Opened","status":"passed","stage":"finished","steps":[],"attachments":[],"parameters":[],"start":1726256187573,"stop":1726256188915},{"name":"Add Product To Cart By Button","status":"passed","stage":"finished","steps":[],"attachments":[],"parameters":[{"name":"productName","value":"Sauce Labs Bike Light"}],"start":1726256188918,"stop":1726256192841},{"name":"Scroll to Product","status":"passed","stage":"finished","steps":[],"attachments":[],"parameters":[{"name":"productName","value":"Sauce Labs Onesie"},{"name":"direction","value":"DOWN"}],"start":1726256192842,"stop":1726256196443},{"name":"Add Product To Cart By Drag & Drop","status":"passed","stage":"finished","steps":[],"attachments":[],"parameters":[{"name":"productName","value":"Sauce Labs Onesie"}],"start":1726256196445,"stop":1726256198626},{"name":"Scroll to Product","status":"passed","stage":"finished","steps":[],"attachments":[],"parameters":[{"name":"productName","value":"Sauce Labs Backpack"},{"name":"direction","value":"UP"}],"start":1726256198628,"stop":1726256201950},{"name":"Open Product Details Page","status":"passed","stage":"finished","steps":[],"attachments":[],"parameters":[{"name":"productName","value":"Sauce Labs Backpack"}],"start":1726256201950,"stop":1726256205132},{"name":"Zoom In Product Picture","status":"passed","stage":"finished","steps":[],"attachments":[],"parameters":[{"name":"distance","value":"100"}],"start":1726256205133,"stop":1726256207493},{"name":"Zoom Out Product Picture","status":"passed","stage":"finished","steps":[],"attachments":[],"parameters":[{"name":"distance","value":"100"}],"start":1726256207494,"stop":1726256209513},{"name":"Scroll to Add To Cart Button","status":"passed","stage":"finished","steps":[],"attachments":[],"parameters":[{"name":"direction","value":"DOWN"}],"start":1726256209514,"stop":1726256212671},{"name":"Add Product To Cart By Button","status":"passed","stage":"finished","steps":[],"attachments":[],"parameters":[],"start":1726256212671,"stop":1726256214821},{"name":"Scroll to Product","status":"passed","stage":"finished","steps":[],"attachments":[],"parameters":[{"name":"productName","value":"Sauce Labs Onesie"},{"name":"direction","value":"DOWN"}],"start":1726256217198,"stop":1726256218895},{"name":"Remove Product From Cart By Swipe","status":"passed","stage":"finished","steps":[],"attachments":[],"parameters":[{"name":"productName","value":"Sauce Labs Onesie"}],"start":1726256218897,"stop":1726256224788},{"name":"Scroll to Checkout Button","status":"passed","stage":"finished","steps":[],"attachments":[],"parameters":[{"name":"direction","value":"DOWN"}],"start":1726256224788,"stop":1726256227769},{"name":"Proceed To Fill User Info","status":"passed","stage":"finished","steps":[],"attachments":[],"parameters":[],"start":1726256227769,"stop":1726256230011},{"name":"Fill Out User Info","status":"passed","stage":"finished","steps":[],"attachments":[],"parameters":[{"name":"firstName","value":"Test20240913223710011"},{"name":"lastName","value":"Test20240913223710011"},{"name":"postalCode","value":"20240913223710012"}],"start":1726256230012,"stop":1726256238965},{"name":"Continue To CheckOut Overview","status":"passed","stage":"finished","steps":[],"attachments":[],"parameters":[],"start":1726256238965,"stop":1726256240819},{"name":"Scroll to Product","status":"passed","stage":"finished","steps":[],"attachments":[],"parameters":[{"name":"productName","value":"Sauce Labs Backpack"},{"name":"direction","value":"DOWN"}],"start":1726256240820,"stop":1726256242590},{"name":"Verify Product Quantity","status":"passed","stage":"finished","steps":[],"attachments":[],"parameters":[{"name":"productName","value":"Sauce Labs Backpack"},{"name":"quantity","value":"1"}],"start":1726256242592,"stop":1726256247318},{"name":"Verify Product Price","status":"passed","stage":"finished","steps":[],"attachments":[],"parameters":[{"name":"productName","value":"Sauce Labs Backpack"},{"name":"price","value":"29.99"}],"start":1726256247319,"stop":1726256249862},{"name":"Verify Product Description","status":"passed","stage":"finished","steps":[],"attachments":[],"parameters":[{"name":"productName","value":"Sauce Labs Backpack"},{"name":"description","value":"carry.allTheThings()"}],"start":1726256249864,"stop":1726256255088},{"name":"Scroll to Payment Info View","status":"broken","statusDetails":{"known":false,"muted":false,"flaky":false,"message":"Expected condition failed: waiting for utils.W3CTouchActions$$Lambda/0x000001e6013a89f0@3f33bb6f (tried for 15 second(s) with 100 milliseconds interval)","trace":"org.openqa.selenium.TimeoutException: Expected condition failed: waiting for utils.W3CTouchActions$$Lambda/0x000001e6013a89f0@3f33bb6f (tried for 15 second(s) with 100 milliseconds interval)\r\n\tat org.openqa.selenium.support.ui.FluentWait.timeoutException(FluentWait.java:265)\r\n\tat org.openqa.selenium.support.ui.FluentWait.until(FluentWait.java:228)\r\n\tat utils.W3CTouchActions.swipeIntoScreen(W3CTouchActions.java:141)\r\n\tat pagesByW3cTouchActions.CartCheckOutOverviewPage.scrollToPaymentInfoView(CartCheckOutOverviewPage.java:166)\r\n\tat testCases.CheckOutCart.checkOutCart(CheckOutCart.java:105)\r\n\tat java.base/jdk.internal.reflect.DirectMethodHandleAccessor.invoke(DirectMethodHandleAccessor.java:103)\r\n\tat java.base/java.lang.reflect.Method.invoke(Method.java:580)\r\n\tat org.testng.internal.invokers.MethodInvocationHelper.invokeMethod(MethodInvocationHelper.java:141)\r\n\tat org.testng.internal.invokers.TestInvoker.invokeMethod(TestInvoker.java:686)\r\n\tat org.testng.internal.invokers.TestInvoker.invokeTestMethod(TestInvoker.java:230)\r\n\tat org.testng.internal.invokers.MethodRunner.runInSequence(MethodRunner.java:63)\r\n\tat org.testng.internal.invokers.TestInvoker$MethodInvocationAgent.invoke(TestInvoker.java:992)\r\n\tat org.testng.internal.invokers.TestInvoker.invokeTestMethods(TestInvoker.java:203)\r\n\tat org.testng.internal.invokers.TestMethodWorker.invokeTestMethods(TestMethodWorker.java:154)\r\n\tat org.testng.internal.invokers.TestMethodWorker.run(TestMethodWorker.java:134)\r\n\tat java.base/java.util.ArrayList.forEach(ArrayList.java:1596)\r\n\tat org.testng.TestRunner.privateRun(TestRunner.java:739)\r\n\tat org.testng.TestRunner.run(TestRunner.java:614)\r\n\tat org.testng.SuiteRunner.runTest(SuiteRunner.java:421)\r\n\tat org.testng.SuiteRunner.runSequentially(SuiteRunner.java:413)\r\n\tat org.testng.SuiteRunner.privateRun(SuiteRunner.java:373)\r\n\tat org.testng.SuiteRunner.run(SuiteRunner.java:312)\r\n\tat org.testng.SuiteRunnerWorker.runSuite(SuiteRunnerWorker.java:52)\r\n\tat org.testng.SuiteRunnerWorker.run(SuiteRunnerWorker.java:95)\r\n\tat org.testng.TestNG.runSuitesSequentially(TestNG.java:1274)\r\n\tat org.testng.TestNG.runSuitesLocally(TestNG.java:1208)\r\n\tat org.testng.TestNG.runSuites(TestNG.java:1112)\r\n\tat org.testng.TestNG.run(TestNG.java:1079)\r\n\tat com.intellij.rt.testng.IDEARemoteTestNG.run(IDEARemoteTestNG.java:65)\r\n\tat com.intellij.rt.testng.RemoteTestNGStarter.main(RemoteTestNGStarter.java:105)\r\nCaused by: org.openqa.selenium.NoSuchElementException: An element could not be located on the page using the given search parameters.\nFor documentation on this error, please visit: https://www.selenium.dev/documentation/webdriver/troubleshooting/errors#no-such-element-exception\nBuild info: version: '4.23.1', revision: '656257d8e9'\nSystem info: os.name: 'Windows 10', os.arch: 'amd64', os.version: '10.0', java.version: '21.0.3'\nDriver info: io.appium.java_client.android.AndroidDriver\nCommand: [c666c22f-b01a-4f93-b528-fb1f2c3e3c0a, findElement {value=(//*[@text=\"Payment Information:\"]/following-sibling::android.widget.TextView)[1], using=accessibility id}]\nCapabilities {appium:appActivity: com.swaglabsmobileapp.MainA..., appium:appPackage: com.swaglabsmobileapp, appium:automationName: UiAutomator2, appium:databaseEnabled: false, appium:desired: {appActivity: com.swaglabsmobileapp.MainA..., appPackage: com.swaglabsmobileapp, automationName: UiAutomator2, deviceName: SM-M515F/DSN, platformName: ANDROID, platformVersion: 12, udid: RF8NA1WZTCE}, appium:deviceApiLevel: 31, appium:deviceManufacturer: samsung, appium:deviceModel: SM-M515F, appium:deviceName: RF8NA1WZTCE, appium:deviceScreenDensity: 420, appium:deviceScreenSize: 1080x2400, appium:deviceUDID: RF8NA1WZTCE, appium:javascriptEnabled: true, appium:locationContextEnabled: false, appium:networkConnectionEnabled: true, appium:pixelRatio: 2.625, appium:platformVersion: 12, appium:statBarHeight: 91, appium:takesScreenshot: true, appium:udid: RF8NA1WZTCE, appium:viewportRect: {height: 2309, left: 0, top: 91, width: 1080}, appium:warnings: {}, appium:webStorageEnabled: false, platformName: ANDROID}\nSession ID: c666c22f-b01a-4f93-b528-fb1f2c3e3c0a\r\n\tat java.base/jdk.internal.reflect.DirectConstructorHandleAccessor.newInstance(DirectConstructorHandleAccessor.java:62)\r\n\tat java.base/java.lang.reflect.Constructor.newInstanceWithCaller(Constructor.java:502)\r\n\tat java.base/java.lang.reflect.Constructor.newInstance(Constructor.java:486)\r\n\tat org.openqa.selenium.remote.ErrorCodec.decode(ErrorCodec.java:167)\r\n\tat org.openqa.selenium.remote.codec.w3c.W3CHttpResponseCodec.decode(W3CHttpResponseCodec.java:138)\r\n\tat org.openqa.selenium.remote.codec.w3c.W3CHttpResponseCodec.decode(W3CHttpResponseCodec.java:50)\r\n\tat org.openqa.selenium.remote.HttpCommandExecutor.execute(HttpCommandExecutor.java:190)\r\n\tat io.appium.java_client.remote.AppiumCommandExecutor.execute(AppiumCommandExecutor.java:237)\r\n\tat org.openqa.selenium.remote.RemoteWebDriver.execute(RemoteWebDriver.java:545)\r\n\tat org.openqa.selenium.remote.ElementLocation$ElementFinder$2.findElement(ElementLocation.java:165)\r\n\tat org.openqa.selenium.remote.ElementLocation.findElement(ElementLocation.java:59)\r\n\tat org.openqa.selenium.remote.RemoteWebDriver.findElement(RemoteWebDriver.java:368)\r\n\tat org.openqa.selenium.remote.RemoteWebDriver.findElement(RemoteWebDriver.java:362)\r\n\tat utils.W3CTouchActions.lambda$swipeIntoScreen$5(W3CTouchActions.java:144)\r\n\tat org.openqa.selenium.support.ui.FluentWait.until(FluentWait.java:203)\r\n\t... 28 more\r\n"},"stage":"finished","steps":[],"attachments":[],"parameters":[{"name":"direction","value":"DOWN"}],"start":1726256255093,"stop":1726256271105}],"attachments":[],"parameters":[],"start":1726256179640,"stop":1726256271110}