{"uuid":"a125d366-f3e8-41f7-ae5f-6f381eec1264","historyId":"13395af70eef99f89131cc5394ad7a23","fullName":"testCases.RemoveFromCartTests.removeProductFromCartBySwipe","labels":[{"name":"package","value":"testCases.RemoveFromCartTests"},{"name":"testClass","value":"testCases.RemoveFromCartTests"},{"name":"testMethod","value":"removeProductFromCartBySwipe"},{"name":"parentSuite","value":"Default Suite"},{"name":"suite","value":"SwagLabsAppium"},{"name":"subSuite","value":"testCases.RemoveFromCartTests"},{"name":"host","value":"Yehia-Metwally"},{"name":"thread","value":"23272@Yehia-Metwally.main(1)"},{"name":"framework","value":"testng"},{"name":"language","value":"java"},{"name":"story","value":"Verify Remove Products From Cart"},{"name":"epic","value":"SwagLabs Android App"},{"name":"feature","value":"Cart"}],"links":[],"name":"removeProductFromCartBySwipe","status":"failed","statusDetails":{"known":false,"muted":false,"flaky":false,"message":"expected [false] but found [true]","trace":"java.lang.AssertionError: expected [false] but found [true]\r\n\tat org.testng.Assert.fail(Assert.java:111)\r\n\tat org.testng.Assert.failNotEquals(Assert.java:1578)\r\n\tat org.testng.Assert.assertFalse(Assert.java:79)\r\n\tat org.testng.Assert.assertFalse(Assert.java:89)\r\n\tat pages.CartPage.assertProductIsRemovedFromCart(CartPage.java:81)\r\n\tat testCases.RemoveFromCartTests.removeProductFromCartBySwipe(RemoveFromCartTests.java:110)\r\n\tat java.base/jdk.internal.reflect.DirectMethodHandleAccessor.invoke(DirectMethodHandleAccessor.java:103)\r\n\tat java.base/java.lang.reflect.Method.invoke(Method.java:580)\r\n\tat org.testng.internal.invokers.MethodInvocationHelper.invokeMethod(MethodInvocationHelper.java:141)\r\n\tat org.testng.internal.invokers.TestInvoker.invokeMethod(TestInvoker.java:686)\r\n\tat org.testng.internal.invokers.TestInvoker.invokeTestMethod(TestInvoker.java:230)\r\n\tat org.testng.internal.invokers.MethodRunner.runInSequence(MethodRunner.java:63)\r\n\tat org.testng.internal.invokers.TestInvoker$MethodInvocationAgent.invoke(TestInvoker.java:992)\r\n\tat org.testng.internal.invokers.TestInvoker.invokeTestMethods(TestInvoker.java:203)\r\n\tat org.testng.internal.invokers.TestMethodWorker.invokeTestMethods(TestMethodWorker.java:154)\r\n\tat org.testng.internal.invokers.TestMethodWorker.run(TestMethodWorker.java:134)\r\n\tat java.base/java.util.ArrayList.forEach(ArrayList.java:1596)\r\n\tat org.testng.TestRunner.privateRun(TestRunner.java:739)\r\n\tat org.testng.TestRunner.run(TestRunner.java:614)\r\n\tat org.testng.SuiteRunner.runTest(SuiteRunner.java:421)\r\n\tat org.testng.SuiteRunner.runSequentially(SuiteRunner.java:413)\r\n\tat org.testng.SuiteRunner.privateRun(SuiteRunner.java:373)\r\n\tat org.testng.SuiteRunner.run(SuiteRunner.java:312)\r\n\tat org.testng.SuiteRunnerWorker.runSuite(SuiteRunnerWorker.java:52)\r\n\tat org.testng.SuiteRunnerWorker.run(SuiteRunnerWorker.java:95)\r\n\tat org.testng.TestNG.runSuitesSequentially(TestNG.java:1274)\r\n\tat org.testng.TestNG.runSuitesLocally(TestNG.java:1208)\r\n\tat org.testng.TestNG.runSuites(TestNG.java:1112)\r\n\tat org.testng.TestNG.run(TestNG.java:1079)\r\n\tat com.intellij.rt.testng.IDEARemoteTestNG.run(IDEARemoteTestNG.java:65)\r\n\tat com.intellij.rt.testng.RemoteTestNGStarter.main(RemoteTestNGStarter.java:105)\r\n"},"stage":"finished","steps":[{"name":"Enter Username","status":"passed","stage":"finished","steps":[],"attachments":[],"parameters":[{"name":"username","value":"standard_user"}],"start":1725716161281,"stop":1725716166526},{"name":"Enter Password","status":"passed","stage":"finished","steps":[],"attachments":[],"parameters":[{"name":"password","value":"secret_sauce"}],"start":1725716166529,"stop":1725716169409},{"name":"Click on Submit Button","status":"passed","stage":"finished","steps":[],"attachments":[],"parameters":[],"start":1725716169410,"stop":1725716170892},{"name":"Assert Home Page is Opened","status":"passed","stage":"finished","steps":[],"attachments":[],"parameters":[],"start":1725716170892,"stop":1725716172230},{"name":"Add Product To Cart By Button","status":"passed","stage":"finished","steps":[],"attachments":[],"parameters":[{"name":"productName","value":"Sauce Labs Bike Light"}],"start":1725716172231,"stop":1725716174013},{"name":"Scroll Down to Product","status":"passed","stage":"finished","steps":[],"attachments":[],"parameters":[{"name":"productName","value":"Sauce Labs Onesie"}],"start":1725716174014,"stop":1725716186313},{"name":"Add Product To Cart By Drag & Drop","status":"passed","stage":"finished","steps":[],"attachments":[],"parameters":[{"name":"productName","value":"Sauce Labs Onesie"}],"start":1725716186313,"stop":1725716188514},{"name":"Scroll Up to Product","status":"passed","stage":"finished","steps":[],"attachments":[],"parameters":[{"name":"productName","value":"Sauce Labs Backpack"}],"start":1725716188515,"stop":1725716196606},{"name":"Add Product To Cart By Drag & Drop","status":"passed","stage":"finished","steps":[],"attachments":[],"parameters":[{"name":"productName","value":"Sauce Labs Backpack"}],"start":1725716196607,"stop":1725716199050},{"name":"Open Cart Page From Header","status":"passed","stage":"finished","steps":[],"attachments":[],"parameters":[],"start":1725716199050,"stop":1725716200274},{"name":"Scroll Down to Product","status":"passed","stage":"finished","steps":[],"attachments":[],"parameters":[{"name":"productName","value":"Sauce Labs Onesie"}],"start":1725716200276,"stop":1725716202003},{"name":"Remove Product From Cart By Swipe","status":"passed","stage":"finished","steps":[],"attachments":[],"parameters":[{"name":"productName","value":"Sauce Labs Onesie"}],"start":1725716202004,"stop":1725716206186},{"name":"Assert Product Is Removed To Cart","status":"failed","statusDetails":{"known":false,"muted":false,"flaky":false,"message":"expected [false] but found [true]","trace":"java.lang.AssertionError: expected [false] but found [true]\r\n\tat org.testng.Assert.fail(Assert.java:111)\r\n\tat org.testng.Assert.failNotEquals(Assert.java:1578)\r\n\tat org.testng.Assert.assertFalse(Assert.java:79)\r\n\tat org.testng.Assert.assertFalse(Assert.java:89)\r\n\tat pages.CartPage.assertProductIsRemovedFromCart(CartPage.java:81)\r\n\tat testCases.RemoveFromCartTests.removeProductFromCartBySwipe(RemoveFromCartTests.java:110)\r\n\tat java.base/jdk.internal.reflect.DirectMethodHandleAccessor.invoke(DirectMethodHandleAccessor.java:103)\r\n\tat java.base/java.lang.reflect.Method.invoke(Method.java:580)\r\n\tat org.testng.internal.invokers.MethodInvocationHelper.invokeMethod(MethodInvocationHelper.java:141)\r\n\tat org.testng.internal.invokers.TestInvoker.invokeMethod(TestInvoker.java:686)\r\n\tat org.testng.internal.invokers.TestInvoker.invokeTestMethod(TestInvoker.java:230)\r\n\tat org.testng.internal.invokers.MethodRunner.runInSequence(MethodRunner.java:63)\r\n\tat org.testng.internal.invokers.TestInvoker$MethodInvocationAgent.invoke(TestInvoker.java:992)\r\n\tat org.testng.internal.invokers.TestInvoker.invokeTestMethods(TestInvoker.java:203)\r\n\tat org.testng.internal.invokers.TestMethodWorker.invokeTestMethods(TestMethodWorker.java:154)\r\n\tat org.testng.internal.invokers.TestMethodWorker.run(TestMethodWorker.java:134)\r\n\tat java.base/java.util.ArrayList.forEach(ArrayList.java:1596)\r\n\tat org.testng.TestRunner.privateRun(TestRunner.java:739)\r\n\tat org.testng.TestRunner.run(TestRunner.java:614)\r\n\tat org.testng.SuiteRunner.runTest(SuiteRunner.java:421)\r\n\tat org.testng.SuiteRunner.runSequentially(SuiteRunner.java:413)\r\n\tat org.testng.SuiteRunner.privateRun(SuiteRunner.java:373)\r\n\tat org.testng.SuiteRunner.run(SuiteRunner.java:312)\r\n\tat org.testng.SuiteRunnerWorker.runSuite(SuiteRunnerWorker.java:52)\r\n\tat org.testng.SuiteRunnerWorker.run(SuiteRunnerWorker.java:95)\r\n\tat org.testng.TestNG.runSuitesSequentially(TestNG.java:1274)\r\n\tat org.testng.TestNG.runSuitesLocally(TestNG.java:1208)\r\n\tat org.testng.TestNG.runSuites(TestNG.java:1112)\r\n\tat org.testng.TestNG.run(TestNG.java:1079)\r\n\tat com.intellij.rt.testng.IDEARemoteTestNG.run(IDEARemoteTestNG.java:65)\r\n\tat com.intellij.rt.testng.RemoteTestNGStarter.main(RemoteTestNGStarter.java:105)\r\n"},"stage":"finished","steps":[],"attachments":[],"parameters":[{"name":"productName","value":"Sauce Labs Onesie"}],"start":1725716206187,"stop":1725716209374}],"attachments":[],"parameters":[],"start":1725716160755,"stop":1725716209378}