{"uuid":"b0ffa022-e2e6-4520-b915-0d3fe4cc3f6f","historyId":"da93f6eea79d571031d6e3514bed2d88","fullName":"testCases.CheckOutCart.checkOutCart","labels":[{"name":"package","value":"testCases.CheckOutCart"},{"name":"testClass","value":"testCases.CheckOutCart"},{"name":"testMethod","value":"checkOutCart"},{"name":"parentSuite","value":"Default Suite"},{"name":"suite","value":"SwagLabsAppium"},{"name":"subSuite","value":"testCases.CheckOutCart"},{"name":"host","value":"Yehia-Metwally"},{"name":"thread","value":"24232@Yehia-Metwally.main(1)"},{"name":"framework","value":"testng"},{"name":"language","value":"java"},{"name":"story","value":"Verify to Checkout Cart"},{"name":"feature","value":"Checkout"},{"name":"epic","value":"SwagLabs Android App"}],"links":[],"name":"checkOutCart","status":"broken","statusDetails":{"known":false,"muted":false,"flaky":false,"message":"Expected condition failed: waiting for utils.TouchActions$$Lambda/0x0000029f163b22f0@5d94ac8a (tried for 10 second(s) with 100 milliseconds interval)","trace":"org.openqa.selenium.TimeoutException: Expected condition failed: waiting for utils.TouchActions$$Lambda/0x0000029f163b22f0@5d94ac8a (tried for 10 second(s) with 100 milliseconds interval)\r\n\tat org.openqa.selenium.support.ui.FluentWait.timeoutException(FluentWait.java:265)\r\n\tat org.openqa.selenium.support.ui.FluentWait.until(FluentWait.java:228)\r\n\tat utils.TouchActions.swipeIntoScreen(TouchActions.java:81)\r\n\tat pages.CartCheckOutOverviewPage.scrollDownToProduct(CartCheckOutOverviewPage.java:165)\r\n\tat testCases.CheckOutCart.checkOutCart(CheckOutCart.java:93)\r\n\tat java.base/jdk.internal.reflect.DirectMethodHandleAccessor.invoke(DirectMethodHandleAccessor.java:103)\r\n\tat java.base/java.lang.reflect.Method.invoke(Method.java:580)\r\n\tat org.testng.internal.invokers.MethodInvocationHelper.invokeMethod(MethodInvocationHelper.java:141)\r\n\tat org.testng.internal.invokers.TestInvoker.invokeMethod(TestInvoker.java:686)\r\n\tat org.testng.internal.invokers.TestInvoker.invokeTestMethod(TestInvoker.java:230)\r\n\tat org.testng.internal.invokers.MethodRunner.runInSequence(MethodRunner.java:63)\r\n\tat org.testng.internal.invokers.TestInvoker$MethodInvocationAgent.invoke(TestInvoker.java:992)\r\n\tat org.testng.internal.invokers.TestInvoker.invokeTestMethods(TestInvoker.java:203)\r\n\tat org.testng.internal.invokers.TestMethodWorker.invokeTestMethods(TestMethodWorker.java:154)\r\n\tat org.testng.internal.invokers.TestMethodWorker.run(TestMethodWorker.java:134)\r\n\tat java.base/java.util.ArrayList.forEach(ArrayList.java:1596)\r\n\tat org.testng.TestRunner.privateRun(TestRunner.java:739)\r\n\tat org.testng.TestRunner.run(TestRunner.java:614)\r\n\tat org.testng.SuiteRunner.runTest(SuiteRunner.java:421)\r\n\tat org.testng.SuiteRunner.runSequentially(SuiteRunner.java:413)\r\n\tat org.testng.SuiteRunner.privateRun(SuiteRunner.java:373)\r\n\tat org.testng.SuiteRunner.run(SuiteRunner.java:312)\r\n\tat org.testng.SuiteRunnerWorker.runSuite(SuiteRunnerWorker.java:52)\r\n\tat org.testng.SuiteRunnerWorker.run(SuiteRunnerWorker.java:95)\r\n\tat org.testng.TestNG.runSuitesSequentially(TestNG.java:1274)\r\n\tat org.testng.TestNG.runSuitesLocally(TestNG.java:1208)\r\n\tat org.testng.TestNG.runSuites(TestNG.java:1112)\r\n\tat org.testng.TestNG.run(TestNG.java:1079)\r\n\tat com.intellij.rt.testng.IDEARemoteTestNG.run(IDEARemoteTestNG.java:65)\r\n\tat com.intellij.rt.testng.RemoteTestNGStarter.main(RemoteTestNGStarter.java:105)\r\nCaused by: org.openqa.selenium.NoSuchElementException: An element could not be located on the page using the given search parameters.\nFor documentation on this error, please visit: https://www.selenium.dev/documentation/webdriver/troubleshooting/errors#no-such-element-exception\nBuild info: version: '4.23.1', revision: '656257d8e9'\nSystem info: os.name: 'Windows 10', os.arch: 'amd64', os.version: '10.0', java.version: '21.0.3'\nDriver info: io.appium.java_client.android.AndroidDriver\nCommand: [5cb5c285-9318-47cb-a4ca-3a068052b405, findElement {using=xpath, value=//*[@text= 'Sauce Labs Backpack']/ancestor::*[@content-desc='test-Item']}]\nCapabilities {appium:app: C:\\Users\\Yehia.Metwally\\One..., appium:appActivity: com.swaglabsmobileapp.MainA..., appium:appPackage: com.swaglabsmobileapp, appium:automationName: UiAutomator2, appium:databaseEnabled: false, appium:desired: {app: C:\\Users\\Yehia.Metwally\\One..., appActivity: com.swaglabsmobileapp.MainA..., automationName: UiAutomator2, deviceName: SM-M515F/DSN, platformName: ANDROID, platformVersion: 12, udid: RF8NA1WZTCE}, appium:deviceApiLevel: 31, appium:deviceManufacturer: samsung, appium:deviceModel: SM-M515F, appium:deviceName: RF8NA1WZTCE, appium:deviceScreenDensity: 420, appium:deviceScreenSize: 1080x2400, appium:deviceUDID: RF8NA1WZTCE, appium:javascriptEnabled: true, appium:locationContextEnabled: false, appium:networkConnectionEnabled: true, appium:pixelRatio: 2.625, appium:platformVersion: 12, appium:statBarHeight: 91, appium:takesScreenshot: true, appium:udid: RF8NA1WZTCE, appium:viewportRect: {height: 2309, left: 0, top: 91, width: 1080}, appium:warnings: {}, appium:webStorageEnabled: false, platformName: ANDROID}\nSession ID: 5cb5c285-9318-47cb-a4ca-3a068052b405\r\n\tat java.base/jdk.internal.reflect.DirectConstructorHandleAccessor.newInstance(DirectConstructorHandleAccessor.java:62)\r\n\tat java.base/java.lang.reflect.Constructor.newInstanceWithCaller(Constructor.java:502)\r\n\tat java.base/java.lang.reflect.Constructor.newInstance(Constructor.java:486)\r\n\tat org.openqa.selenium.remote.ErrorCodec.decode(ErrorCodec.java:167)\r\n\tat org.openqa.selenium.remote.codec.w3c.W3CHttpResponseCodec.decode(W3CHttpResponseCodec.java:138)\r\n\tat org.openqa.selenium.remote.codec.w3c.W3CHttpResponseCodec.decode(W3CHttpResponseCodec.java:50)\r\n\tat org.openqa.selenium.remote.HttpCommandExecutor.execute(HttpCommandExecutor.java:190)\r\n\tat io.appium.java_client.remote.AppiumCommandExecutor.execute(AppiumCommandExecutor.java:237)\r\n\tat org.openqa.selenium.remote.RemoteWebDriver.execute(RemoteWebDriver.java:545)\r\n\tat org.openqa.selenium.remote.ElementLocation$ElementFinder$2.findElement(ElementLocation.java:165)\r\n\tat org.openqa.selenium.remote.ElementLocation.findElement(ElementLocation.java:59)\r\n\tat org.openqa.selenium.remote.RemoteWebDriver.findElement(RemoteWebDriver.java:368)\r\n\tat org.openqa.selenium.remote.RemoteWebDriver.findElement(RemoteWebDriver.java:362)\r\n\tat utils.TouchActions.lambda$swipeIntoScreen$2(TouchActions.java:84)\r\n\tat org.openqa.selenium.support.ui.FluentWait.until(FluentWait.java:203)\r\n\t... 28 more\r\n"},"stage":"finished","steps":[{"name":"Enter Username","status":"passed","stage":"finished","steps":[],"attachments":[],"parameters":[{"name":"username","value":"standard_user"}],"start":1725747595175,"stop":1725747597577},{"name":"Enter Password","status":"passed","stage":"finished","steps":[],"attachments":[],"parameters":[{"name":"password","value":"secret_sauce"}],"start":1725747597579,"stop":1725747600807},{"name":"Click on Submit Button","status":"passed","stage":"finished","steps":[],"attachments":[],"parameters":[],"start":1725747600807,"stop":1725747601668},{"name":"Assert Home Page is Opened","status":"passed","stage":"finished","steps":[],"attachments":[],"parameters":[],"start":1725747601668,"stop":1725747602909},{"name":"Add Product To Cart By Button","status":"passed","stage":"finished","steps":[],"attachments":[],"parameters":[{"name":"productName","value":"Sauce Labs Bike Light"}],"start":1725747602911,"stop":1725747605451},{"name":"Scroll Down to Product","status":"passed","stage":"finished","steps":[],"attachments":[],"parameters":[{"name":"productName","value":"Sauce Labs Onesie"}],"start":1725747605451,"stop":1725747612681},{"name":"Add Product To Cart By Drag & Drop","status":"passed","stage":"finished","steps":[],"attachments":[],"parameters":[{"name":"productName","value":"Sauce Labs Onesie"}],"start":1725747612681,"stop":1725747615034},{"name":"Scroll Up to Product","status":"passed","stage":"finished","steps":[],"attachments":[],"parameters":[{"name":"productName","value":"Sauce Labs Backpack"}],"start":1725747615036,"stop":1725747621264},{"name":"Open Product Details Page","status":"passed","stage":"finished","steps":[],"attachments":[],"parameters":[{"name":"productName","value":"Sauce Labs Backpack"}],"start":1725747621264,"stop":1725747622268},{"name":"Zoom In Product Picture","status":"passed","stage":"finished","steps":[],"attachments":[],"parameters":[{"name":"distance","value":"100"}],"start":1725747622268,"stop":1725747624583},{"name":"Zoom Out Product Picture","status":"passed","stage":"finished","steps":[],"attachments":[],"parameters":[{"name":"distance","value":"100"}],"start":1725747624584,"stop":1725747626593},{"name":"Add Product To Cart By Button","status":"passed","stage":"finished","steps":[],"attachments":[],"parameters":[],"start":1725747626594,"stop":1725747630214},{"name":"Open Cart Page From Header","status":"passed","stage":"finished","steps":[],"attachments":[],"parameters":[],"start":1725747630214,"stop":1725747631541},{"name":"Proceed To Fill User Info","status":"passed","stage":"finished","steps":[],"attachments":[],"parameters":[],"start":1725747631541,"stop":1725747639736},{"name":"Fill Out User Info","status":"passed","stage":"finished","steps":[],"attachments":[],"parameters":[{"name":"firstName","value":"Test20240908012039736"},{"name":"lastName","value":"Test20240908012039736"},{"name":"postalCode","value":"20240908012039736"}],"start":1725747639737,"stop":1725747649436},{"name":"Continue To CheckOut Overview","status":"passed","stage":"finished","steps":[],"attachments":[],"parameters":[],"start":1725747649436,"stop":1725747650702},{"name":"Assert Product Is Added To Cart","status":"passed","stage":"finished","steps":[],"attachments":[],"parameters":[{"name":"productName","value":"Sauce Labs Bike Light"}],"start":1725747650703,"stop":1725747652605},{"name":"Assert Product Is Added To Cart","status":"passed","stage":"finished","steps":[],"attachments":[],"parameters":[{"name":"productName","value":"Sauce Labs Onesie"}],"start":1725747652605,"stop":1725747672306},{"name":"Assert Product Is Added To Cart","status":"passed","stage":"finished","steps":[],"attachments":[],"parameters":[{"name":"productName","value":"Sauce Labs Backpack"}],"start":1725747672307,"stop":1725747675592},{"name":"Scroll Down to Product","status":"broken","statusDetails":{"known":false,"muted":false,"flaky":false,"message":"Expected condition failed: waiting for utils.TouchActions$$Lambda/0x0000029f163b22f0@5d94ac8a (tried for 10 second(s) with 100 milliseconds interval)","trace":"org.openqa.selenium.TimeoutException: Expected condition failed: waiting for utils.TouchActions$$Lambda/0x0000029f163b22f0@5d94ac8a (tried for 10 second(s) with 100 milliseconds interval)\r\n\tat org.openqa.selenium.support.ui.FluentWait.timeoutException(FluentWait.java:265)\r\n\tat org.openqa.selenium.support.ui.FluentWait.until(FluentWait.java:228)\r\n\tat utils.TouchActions.swipeIntoScreen(TouchActions.java:81)\r\n\tat pages.CartCheckOutOverviewPage.scrollDownToProduct(CartCheckOutOverviewPage.java:165)\r\n\tat testCases.CheckOutCart.checkOutCart(CheckOutCart.java:93)\r\n\tat java.base/jdk.internal.reflect.DirectMethodHandleAccessor.invoke(DirectMethodHandleAccessor.java:103)\r\n\tat java.base/java.lang.reflect.Method.invoke(Method.java:580)\r\n\tat org.testng.internal.invokers.MethodInvocationHelper.invokeMethod(MethodInvocationHelper.java:141)\r\n\tat org.testng.internal.invokers.TestInvoker.invokeMethod(TestInvoker.java:686)\r\n\tat org.testng.internal.invokers.TestInvoker.invokeTestMethod(TestInvoker.java:230)\r\n\tat org.testng.internal.invokers.MethodRunner.runInSequence(MethodRunner.java:63)\r\n\tat org.testng.internal.invokers.TestInvoker$MethodInvocationAgent.invoke(TestInvoker.java:992)\r\n\tat org.testng.internal.invokers.TestInvoker.invokeTestMethods(TestInvoker.java:203)\r\n\tat org.testng.internal.invokers.TestMethodWorker.invokeTestMethods(TestMethodWorker.java:154)\r\n\tat org.testng.internal.invokers.TestMethodWorker.run(TestMethodWorker.java:134)\r\n\tat java.base/java.util.ArrayList.forEach(ArrayList.java:1596)\r\n\tat org.testng.TestRunner.privateRun(TestRunner.java:739)\r\n\tat org.testng.TestRunner.run(TestRunner.java:614)\r\n\tat org.testng.SuiteRunner.runTest(SuiteRunner.java:421)\r\n\tat org.testng.SuiteRunner.runSequentially(SuiteRunner.java:413)\r\n\tat org.testng.SuiteRunner.privateRun(SuiteRunner.java:373)\r\n\tat org.testng.SuiteRunner.run(SuiteRunner.java:312)\r\n\tat org.testng.SuiteRunnerWorker.runSuite(SuiteRunnerWorker.java:52)\r\n\tat org.testng.SuiteRunnerWorker.run(SuiteRunnerWorker.java:95)\r\n\tat org.testng.TestNG.runSuitesSequentially(TestNG.java:1274)\r\n\tat org.testng.TestNG.runSuitesLocally(TestNG.java:1208)\r\n\tat org.testng.TestNG.runSuites(TestNG.java:1112)\r\n\tat org.testng.TestNG.run(TestNG.java:1079)\r\n\tat com.intellij.rt.testng.IDEARemoteTestNG.run(IDEARemoteTestNG.java:65)\r\n\tat com.intellij.rt.testng.RemoteTestNGStarter.main(RemoteTestNGStarter.java:105)\r\nCaused by: org.openqa.selenium.NoSuchElementException: An element could not be located on the page using the given search parameters.\nFor documentation on this error, please visit: https://www.selenium.dev/documentation/webdriver/troubleshooting/errors#no-such-element-exception\nBuild info: version: '4.23.1', revision: '656257d8e9'\nSystem info: os.name: 'Windows 10', os.arch: 'amd64', os.version: '10.0', java.version: '21.0.3'\nDriver info: io.appium.java_client.android.AndroidDriver\nCommand: [5cb5c285-9318-47cb-a4ca-3a068052b405, findElement {using=xpath, value=//*[@text= 'Sauce Labs Backpack']/ancestor::*[@content-desc='test-Item']}]\nCapabilities {appium:app: C:\\Users\\Yehia.Metwally\\One..., appium:appActivity: com.swaglabsmobileapp.MainA..., appium:appPackage: com.swaglabsmobileapp, appium:automationName: UiAutomator2, appium:databaseEnabled: false, appium:desired: {app: C:\\Users\\Yehia.Metwally\\One..., appActivity: com.swaglabsmobileapp.MainA..., automationName: UiAutomator2, deviceName: SM-M515F/DSN, platformName: ANDROID, platformVersion: 12, udid: RF8NA1WZTCE}, appium:deviceApiLevel: 31, appium:deviceManufacturer: samsung, appium:deviceModel: SM-M515F, appium:deviceName: RF8NA1WZTCE, appium:deviceScreenDensity: 420, appium:deviceScreenSize: 1080x2400, appium:deviceUDID: RF8NA1WZTCE, appium:javascriptEnabled: true, appium:locationContextEnabled: false, appium:networkConnectionEnabled: true, appium:pixelRatio: 2.625, appium:platformVersion: 12, appium:statBarHeight: 91, appium:takesScreenshot: true, appium:udid: RF8NA1WZTCE, appium:viewportRect: {height: 2309, left: 0, top: 91, width: 1080}, appium:warnings: {}, appium:webStorageEnabled: false, platformName: ANDROID}\nSession ID: 5cb5c285-9318-47cb-a4ca-3a068052b405\r\n\tat java.base/jdk.internal.reflect.DirectConstructorHandleAccessor.newInstance(DirectConstructorHandleAccessor.java:62)\r\n\tat java.base/java.lang.reflect.Constructor.newInstanceWithCaller(Constructor.java:502)\r\n\tat java.base/java.lang.reflect.Constructor.newInstance(Constructor.java:486)\r\n\tat org.openqa.selenium.remote.ErrorCodec.decode(ErrorCodec.java:167)\r\n\tat org.openqa.selenium.remote.codec.w3c.W3CHttpResponseCodec.decode(W3CHttpResponseCodec.java:138)\r\n\tat org.openqa.selenium.remote.codec.w3c.W3CHttpResponseCodec.decode(W3CHttpResponseCodec.java:50)\r\n\tat org.openqa.selenium.remote.HttpCommandExecutor.execute(HttpCommandExecutor.java:190)\r\n\tat io.appium.java_client.remote.AppiumCommandExecutor.execute(AppiumCommandExecutor.java:237)\r\n\tat org.openqa.selenium.remote.RemoteWebDriver.execute(RemoteWebDriver.java:545)\r\n\tat org.openqa.selenium.remote.ElementLocation$ElementFinder$2.findElement(ElementLocation.java:165)\r\n\tat org.openqa.selenium.remote.ElementLocation.findElement(ElementLocation.java:59)\r\n\tat org.openqa.selenium.remote.RemoteWebDriver.findElement(RemoteWebDriver.java:368)\r\n\tat org.openqa.selenium.remote.RemoteWebDriver.findElement(RemoteWebDriver.java:362)\r\n\tat utils.TouchActions.lambda$swipeIntoScreen$2(TouchActions.java:84)\r\n\tat org.openqa.selenium.support.ui.FluentWait.until(FluentWait.java:203)\r\n\t... 28 more\r\n"},"stage":"finished","steps":[],"attachments":[],"parameters":[{"name":"productName","value":"Sauce Labs Backpack"}],"start":1725747675592,"stop":1725747686222}],"attachments":[],"parameters":[],"start":1725747594027,"stop":1725747686226}