{"uuid":"e137b77f-ed97-41b0-8aaf-c79ce270c9fb","historyId":"84ead56e2a0cd2d46fbc577b016cdde7","fullName":"testCases.AddToCartTests.addProductToCartbyButton","labels":[{"name":"package","value":"testCases.AddToCartTests"},{"name":"testClass","value":"testCases.AddToCartTests"},{"name":"testMethod","value":"addProductToCartbyButton"},{"name":"parentSuite","value":"Default Suite"},{"name":"suite","value":"SwagLabsAppium"},{"name":"subSuite","value":"testCases.AddToCartTests"},{"name":"host","value":"Yehia-Metwally"},{"name":"thread","value":"15296@Yehia-Metwally.main(1)"},{"name":"framework","value":"testng"},{"name":"language","value":"java"},{"name":"epic","value":"SwagLabs Android App"},{"name":"feature","value":"Add To Cart"},{"name":"story","value":"Verify Add Products To Cart"}],"links":[],"name":"addProductToCartbyButton","status":"broken","statusDetails":{"known":false,"muted":false,"flaky":false,"message":"Cannot invoke \"io.appium.java_client.AppiumDriver.findElement(org.openqa.selenium.By)\" because \"this.driver\" is null","trace":"java.lang.NullPointerException: Cannot invoke \"io.appium.java_client.AppiumDriver.findElement(org.openqa.selenium.By)\" because \"this.driver\" is null\r\n\tat utils.TouchActions.lambda$tab$0(TouchActions.java:41)\r\n\tat org.openqa.selenium.support.ui.FluentWait.until(FluentWait.java:203)\r\n\tat utils.TouchActions.tab(TouchActions.java:40)\r\n\tat pages.HomePage.openCartPageFromHeader(HomePage.java:34)\r\n\tat testCases.AddToCartTests.addProductToCartbyButton(AddToCartTests.java:78)\r\n\tat java.base/jdk.internal.reflect.DirectMethodHandleAccessor.invoke(DirectMethodHandleAccessor.java:103)\r\n\tat java.base/java.lang.reflect.Method.invoke(Method.java:580)\r\n\tat org.testng.internal.invokers.MethodInvocationHelper.invokeMethod(MethodInvocationHelper.java:141)\r\n\tat org.testng.internal.invokers.TestInvoker.invokeMethod(TestInvoker.java:686)\r\n\tat org.testng.internal.invokers.TestInvoker.invokeTestMethod(TestInvoker.java:230)\r\n\tat org.testng.internal.invokers.MethodRunner.runInSequence(MethodRunner.java:63)\r\n\tat org.testng.internal.invokers.TestInvoker$MethodInvocationAgent.invoke(TestInvoker.java:992)\r\n\tat org.testng.internal.invokers.TestInvoker.invokeTestMethods(TestInvoker.java:203)\r\n\tat org.testng.internal.invokers.TestMethodWorker.invokeTestMethods(TestMethodWorker.java:154)\r\n\tat org.testng.internal.invokers.TestMethodWorker.run(TestMethodWorker.java:134)\r\n\tat java.base/java.util.ArrayList.forEach(ArrayList.java:1596)\r\n\tat org.testng.TestRunner.privateRun(TestRunner.java:739)\r\n\tat org.testng.TestRunner.run(TestRunner.java:614)\r\n\tat org.testng.SuiteRunner.runTest(SuiteRunner.java:421)\r\n\tat org.testng.SuiteRunner.runSequentially(SuiteRunner.java:413)\r\n\tat org.testng.SuiteRunner.privateRun(SuiteRunner.java:373)\r\n\tat org.testng.SuiteRunner.run(SuiteRunner.java:312)\r\n\tat org.testng.SuiteRunnerWorker.runSuite(SuiteRunnerWorker.java:52)\r\n\tat org.testng.SuiteRunnerWorker.run(SuiteRunnerWorker.java:95)\r\n\tat org.testng.TestNG.runSuitesSequentially(TestNG.java:1274)\r\n\tat org.testng.TestNG.runSuitesLocally(TestNG.java:1208)\r\n\tat org.testng.TestNG.runSuites(TestNG.java:1112)\r\n\tat org.testng.TestNG.run(TestNG.java:1079)\r\n\tat com.intellij.rt.testng.IDEARemoteTestNG.run(IDEARemoteTestNG.java:65)\r\n\tat com.intellij.rt.testng.RemoteTestNGStarter.main(RemoteTestNGStarter.java:105)\r\n"},"stage":"finished","steps":[{"name":"Enter Username","status":"passed","stage":"finished","steps":[],"attachments":[],"parameters":[{"name":"username","value":"standard_user"}],"start":1725664449409,"stop":1725664452612},{"name":"Enter Password","status":"passed","stage":"finished","steps":[],"attachments":[],"parameters":[{"name":"password","value":"secret_sauce"}],"start":1725664452614,"stop":1725664455089},{"name":"Click on Submit Button","status":"passed","stage":"finished","steps":[],"attachments":[],"parameters":[],"start":1725664455089,"stop":1725664456747},{"name":"Assert Home Page is Opened","status":"passed","stage":"finished","steps":[],"attachments":[],"parameters":[],"start":1725664456747,"stop":1725664458298},{"name":"Add Product To Cart By Button","status":"passed","stage":"finished","steps":[],"attachments":[],"parameters":[{"name":"productName","value":"Sauce Labs Bike Light"}],"start":1725664458301,"stop":1725664460486},{"name":"Open Cart Page From Header","status":"broken","statusDetails":{"known":false,"muted":false,"flaky":false,"message":"Cannot invoke \"io.appium.java_client.AppiumDriver.findElement(org.openqa.selenium.By)\" because \"this.driver\" is null","trace":"java.lang.NullPointerException: Cannot invoke \"io.appium.java_client.AppiumDriver.findElement(org.openqa.selenium.By)\" because \"this.driver\" is null\r\n\tat utils.TouchActions.lambda$tab$0(TouchActions.java:41)\r\n\tat org.openqa.selenium.support.ui.FluentWait.until(FluentWait.java:203)\r\n\tat utils.TouchActions.tab(TouchActions.java:40)\r\n\tat pages.HomePage.openCartPageFromHeader(HomePage.java:34)\r\n\tat testCases.AddToCartTests.addProductToCartbyButton(AddToCartTests.java:78)\r\n\tat java.base/jdk.internal.reflect.DirectMethodHandleAccessor.invoke(DirectMethodHandleAccessor.java:103)\r\n\tat java.base/java.lang.reflect.Method.invoke(Method.java:580)\r\n\tat org.testng.internal.invokers.MethodInvocationHelper.invokeMethod(MethodInvocationHelper.java:141)\r\n\tat org.testng.internal.invokers.TestInvoker.invokeMethod(TestInvoker.java:686)\r\n\tat org.testng.internal.invokers.TestInvoker.invokeTestMethod(TestInvoker.java:230)\r\n\tat org.testng.internal.invokers.MethodRunner.runInSequence(MethodRunner.java:63)\r\n\tat org.testng.internal.invokers.TestInvoker$MethodInvocationAgent.invoke(TestInvoker.java:992)\r\n\tat org.testng.internal.invokers.TestInvoker.invokeTestMethods(TestInvoker.java:203)\r\n\tat org.testng.internal.invokers.TestMethodWorker.invokeTestMethods(TestMethodWorker.java:154)\r\n\tat org.testng.internal.invokers.TestMethodWorker.run(TestMethodWorker.java:134)\r\n\tat java.base/java.util.ArrayList.forEach(ArrayList.java:1596)\r\n\tat org.testng.TestRunner.privateRun(TestRunner.java:739)\r\n\tat org.testng.TestRunner.run(TestRunner.java:614)\r\n\tat org.testng.SuiteRunner.runTest(SuiteRunner.java:421)\r\n\tat org.testng.SuiteRunner.runSequentially(SuiteRunner.java:413)\r\n\tat org.testng.SuiteRunner.privateRun(SuiteRunner.java:373)\r\n\tat org.testng.SuiteRunner.run(SuiteRunner.java:312)\r\n\tat org.testng.SuiteRunnerWorker.runSuite(SuiteRunnerWorker.java:52)\r\n\tat org.testng.SuiteRunnerWorker.run(SuiteRunnerWorker.java:95)\r\n\tat org.testng.TestNG.runSuitesSequentially(TestNG.java:1274)\r\n\tat org.testng.TestNG.runSuitesLocally(TestNG.java:1208)\r\n\tat org.testng.TestNG.runSuites(TestNG.java:1112)\r\n\tat org.testng.TestNG.run(TestNG.java:1079)\r\n\tat com.intellij.rt.testng.IDEARemoteTestNG.run(IDEARemoteTestNG.java:65)\r\n\tat com.intellij.rt.testng.RemoteTestNGStarter.main(RemoteTestNGStarter.java:105)\r\n"},"stage":"finished","steps":[],"attachments":[],"parameters":[],"start":1725664460486,"stop":1725664460488}],"attachments":[],"parameters":[],"start":1725664448887,"stop":1725664460492}