{"uuid":"e49766be-e16d-48ba-88d1-76fe7d2d6cc8","historyId":"e26ca5a8be6425f8a3e8f153860699e4","fullName":"testCasesByNativeAndroidUIScrollable.CheckOutCart.checkOutCart","labels":[{"name":"package","value":"testCasesByNativeAndroidUIScrollable.CheckOutCart"},{"name":"testClass","value":"testCasesByNativeAndroidUIScrollable.CheckOutCart"},{"name":"testMethod","value":"checkOutCart"},{"name":"parentSuite","value":"Default Suite"},{"name":"suite","value":"SwagLabsAppByAppium2"},{"name":"subSuite","value":"testCasesByNativeAndroidUIScrollable.CheckOutCart"},{"name":"host","value":"Yehia-Metwally"},{"name":"thread","value":"12748@Yehia-Metwally.main(1)"},{"name":"framework","value":"testng"},{"name":"language","value":"java"},{"name":"story","value":"Verify to Checkout Cart"},{"name":"feature","value":"Checkout"},{"name":"epic","value":"SwagLabs Android App"}],"links":[],"name":"checkOutCart","status":"broken","statusDetails":{"known":false,"muted":false,"flaky":false,"message":"Expected condition failed: waiting for utils.NativeAndroidActionBot$$Lambda/0x0000020b4a3b0f10@1e000a17 (tried for 20 second(s) with 100 milliseconds interval)","trace":"org.openqa.selenium.TimeoutException: Expected condition failed: waiting for utils.NativeAndroidActionBot$$Lambda/0x0000020b4a3b0f10@1e000a17 (tried for 20 second(s) with 100 milliseconds interval)\r\n\tat org.openqa.selenium.support.ui.FluentWait.timeoutException(FluentWait.java:265)\r\n\tat org.openqa.selenium.support.ui.FluentWait.until(FluentWait.java:228)\r\n\tat utils.NativeAndroidActionBot.tab(NativeAndroidActionBot.java:65)\r\n\tat pagesByNativeAndroidUIScrollable.CartPage.proceedToFillUserInfo(CartPage.java:59)\r\n\tat testCasesByNativeAndroidUIScrollable.CheckOutCart.checkOutCart(CheckOutCart.java:87)\r\n\tat java.base/jdk.internal.reflect.DirectMethodHandleAccessor.invoke(DirectMethodHandleAccessor.java:103)\r\n\tat java.base/java.lang.reflect.Method.invoke(Method.java:580)\r\n\tat org.testng.internal.invokers.MethodInvocationHelper.invokeMethod(MethodInvocationHelper.java:141)\r\n\tat org.testng.internal.invokers.TestInvoker.invokeMethod(TestInvoker.java:686)\r\n\tat org.testng.internal.invokers.TestInvoker.invokeTestMethod(TestInvoker.java:230)\r\n\tat org.testng.internal.invokers.MethodRunner.runInSequence(MethodRunner.java:63)\r\n\tat org.testng.internal.invokers.TestInvoker$MethodInvocationAgent.invoke(TestInvoker.java:992)\r\n\tat org.testng.internal.invokers.TestInvoker.invokeTestMethods(TestInvoker.java:203)\r\n\tat org.testng.internal.invokers.TestMethodWorker.invokeTestMethods(TestMethodWorker.java:154)\r\n\tat org.testng.internal.invokers.TestMethodWorker.run(TestMethodWorker.java:134)\r\n\tat java.base/java.util.ArrayList.forEach(ArrayList.java:1596)\r\n\tat org.testng.TestRunner.privateRun(TestRunner.java:739)\r\n\tat org.testng.TestRunner.run(TestRunner.java:614)\r\n\tat org.testng.SuiteRunner.runTest(SuiteRunner.java:421)\r\n\tat org.testng.SuiteRunner.runSequentially(SuiteRunner.java:413)\r\n\tat org.testng.SuiteRunner.privateRun(SuiteRunner.java:373)\r\n\tat org.testng.SuiteRunner.run(SuiteRunner.java:312)\r\n\tat org.testng.SuiteRunnerWorker.runSuite(SuiteRunnerWorker.java:52)\r\n\tat org.testng.SuiteRunnerWorker.run(SuiteRunnerWorker.java:95)\r\n\tat org.testng.TestNG.runSuitesSequentially(TestNG.java:1274)\r\n\tat org.testng.TestNG.runSuitesLocally(TestNG.java:1208)\r\n\tat org.testng.TestNG.runSuites(TestNG.java:1112)\r\n\tat org.testng.TestNG.run(TestNG.java:1079)\r\n\tat com.intellij.rt.testng.IDEARemoteTestNG.run(IDEARemoteTestNG.java:65)\r\n\tat com.intellij.rt.testng.RemoteTestNGStarter.main(RemoteTestNGStarter.java:105)\r\nCaused by: org.openqa.selenium.NoSuchElementException: An element could not be located on the page using the given search parameters.\nFor documentation on this error, please visit: https://www.selenium.dev/documentation/webdriver/troubleshooting/errors#no-such-element-exception\nBuild info: version: '4.23.1', revision: '656257d8e9'\nSystem info: os.name: 'Windows 10', os.arch: 'amd64', os.version: '10.0', java.version: '21.0.3'\nDriver info: io.appium.java_client.android.AndroidDriver\nCommand: [970374c8-acc8-4ce5-9dfa-bfb7b9aa90c7, findElement {using=accessibility id, value=test-CHECKOUT}]\nCapabilities {appium:app: C:\\Users\\Yehia.Metwally\\One..., appium:appActivity: com.swaglabsmobileapp.MainA..., appium:appPackage: com.swaglabsmobileapp, appium:automationName: UiAutomator2, appium:databaseEnabled: false, appium:desired: {app: C:\\Users\\Yehia.Metwally\\One..., appActivity: com.swaglabsmobileapp.MainA..., automationName: UiAutomator2, deviceName: SM-M515F/DSN, platformName: ANDROID, platformVersion: 12, udid: RF8NA1WZTCE}, appium:deviceApiLevel: 31, appium:deviceManufacturer: samsung, appium:deviceModel: SM-M515F, appium:deviceName: RF8NA1WZTCE, appium:deviceScreenDensity: 420, appium:deviceScreenSize: 1080x2400, appium:deviceUDID: RF8NA1WZTCE, appium:javascriptEnabled: true, appium:locationContextEnabled: false, appium:networkConnectionEnabled: true, appium:pixelRatio: 2.625, appium:platformVersion: 12, appium:statBarHeight: 91, appium:takesScreenshot: true, appium:udid: RF8NA1WZTCE, appium:viewportRect: {height: 2309, left: 0, top: 91, width: 1080}, appium:warnings: {}, appium:webStorageEnabled: false, platformName: ANDROID}\nSession ID: 970374c8-acc8-4ce5-9dfa-bfb7b9aa90c7\r\n\tat java.base/jdk.internal.reflect.DirectConstructorHandleAccessor.newInstance(DirectConstructorHandleAccessor.java:62)\r\n\tat java.base/java.lang.reflect.Constructor.newInstanceWithCaller(Constructor.java:502)\r\n\tat java.base/java.lang.reflect.Constructor.newInstance(Constructor.java:486)\r\n\tat org.openqa.selenium.remote.ErrorCodec.decode(ErrorCodec.java:167)\r\n\tat org.openqa.selenium.remote.codec.w3c.W3CHttpResponseCodec.decode(W3CHttpResponseCodec.java:138)\r\n\tat org.openqa.selenium.remote.codec.w3c.W3CHttpResponseCodec.decode(W3CHttpResponseCodec.java:50)\r\n\tat org.openqa.selenium.remote.HttpCommandExecutor.execute(HttpCommandExecutor.java:190)\r\n\tat io.appium.java_client.remote.AppiumCommandExecutor.execute(AppiumCommandExecutor.java:237)\r\n\tat org.openqa.selenium.remote.RemoteWebDriver.execute(RemoteWebDriver.java:545)\r\n\tat org.openqa.selenium.remote.ElementLocation$ElementFinder$2.findElement(ElementLocation.java:165)\r\n\tat org.openqa.selenium.remote.ElementLocation.findElement(ElementLocation.java:59)\r\n\tat org.openqa.selenium.remote.RemoteWebDriver.findElement(RemoteWebDriver.java:368)\r\n\tat org.openqa.selenium.remote.RemoteWebDriver.findElement(RemoteWebDriver.java:362)\r\n\tat utils.NativeAndroidActionBot.lambda$tab$1(NativeAndroidActionBot.java:68)\r\n\tat org.openqa.selenium.support.ui.FluentWait.until(FluentWait.java:203)\r\n\t... 28 more\r\n"},"stage":"finished","steps":[{"name":"Enter Username","status":"passed","stage":"finished","steps":[],"attachments":[],"parameters":[{"name":"username","value":"standard_user"}],"start":1726324248954,"stop":1726324251983},{"name":"Enter Password","status":"passed","stage":"finished","steps":[],"attachments":[],"parameters":[{"name":"password","value":"secret_sauce"}],"start":1726324251988,"stop":1726324254856},{"name":"Click on Submit Button","status":"passed","stage":"finished","steps":[],"attachments":[],"parameters":[],"start":1726324254857,"stop":1726324256644},{"name":"Add Product To Cart By Button","status":"passed","stage":"finished","steps":[],"attachments":[],"parameters":[{"name":"productName","value":"Sauce Labs Bike Light"}],"start":1726324256645,"stop":1726324261688},{"name":"Add Product To Cart By Drag & Drop","status":"passed","stage":"finished","steps":[],"attachments":[],"parameters":[{"name":"productName","value":"Sauce Labs Onesie"}],"start":1726324261688,"stop":1726324268917},{"name":"Open Product Details Page","status":"passed","stage":"finished","steps":[],"attachments":[],"parameters":[{"name":"productName","value":"Sauce Labs Backpack"}],"start":1726324268918,"stop":1726324276036},{"name":"Zoom In Product Picture","status":"passed","stage":"finished","steps":[],"attachments":[],"parameters":[{"name":"distance","value":"100"}],"start":1726324276038,"stop":1726324278638},{"name":"Zoom Out Product Picture","status":"passed","stage":"finished","steps":[],"attachments":[],"parameters":[{"name":"distance","value":"100"}],"start":1726324278638,"stop":1726324280494},{"name":"Add Product To Cart By Button","status":"passed","stage":"finished","steps":[],"attachments":[],"parameters":[],"start":1726324280494,"stop":1726324285491},{"name":"Proceed To Fill User Info","status":"broken","statusDetails":{"known":false,"muted":false,"flaky":false,"message":"Expected condition failed: waiting for utils.NativeAndroidActionBot$$Lambda/0x0000020b4a3b0f10@1e000a17 (tried for 20 second(s) with 100 milliseconds interval)","trace":"org.openqa.selenium.TimeoutException: Expected condition failed: waiting for utils.NativeAndroidActionBot$$Lambda/0x0000020b4a3b0f10@1e000a17 (tried for 20 second(s) with 100 milliseconds interval)\r\n\tat org.openqa.selenium.support.ui.FluentWait.timeoutException(FluentWait.java:265)\r\n\tat org.openqa.selenium.support.ui.FluentWait.until(FluentWait.java:228)\r\n\tat utils.NativeAndroidActionBot.tab(NativeAndroidActionBot.java:65)\r\n\tat pagesByNativeAndroidUIScrollable.CartPage.proceedToFillUserInfo(CartPage.java:59)\r\n\tat testCasesByNativeAndroidUIScrollable.CheckOutCart.checkOutCart(CheckOutCart.java:87)\r\n\tat java.base/jdk.internal.reflect.DirectMethodHandleAccessor.invoke(DirectMethodHandleAccessor.java:103)\r\n\tat java.base/java.lang.reflect.Method.invoke(Method.java:580)\r\n\tat org.testng.internal.invokers.MethodInvocationHelper.invokeMethod(MethodInvocationHelper.java:141)\r\n\tat org.testng.internal.invokers.TestInvoker.invokeMethod(TestInvoker.java:686)\r\n\tat org.testng.internal.invokers.TestInvoker.invokeTestMethod(TestInvoker.java:230)\r\n\tat org.testng.internal.invokers.MethodRunner.runInSequence(MethodRunner.java:63)\r\n\tat org.testng.internal.invokers.TestInvoker$MethodInvocationAgent.invoke(TestInvoker.java:992)\r\n\tat org.testng.internal.invokers.TestInvoker.invokeTestMethods(TestInvoker.java:203)\r\n\tat org.testng.internal.invokers.TestMethodWorker.invokeTestMethods(TestMethodWorker.java:154)\r\n\tat org.testng.internal.invokers.TestMethodWorker.run(TestMethodWorker.java:134)\r\n\tat java.base/java.util.ArrayList.forEach(ArrayList.java:1596)\r\n\tat org.testng.TestRunner.privateRun(TestRunner.java:739)\r\n\tat org.testng.TestRunner.run(TestRunner.java:614)\r\n\tat org.testng.SuiteRunner.runTest(SuiteRunner.java:421)\r\n\tat org.testng.SuiteRunner.runSequentially(SuiteRunner.java:413)\r\n\tat org.testng.SuiteRunner.privateRun(SuiteRunner.java:373)\r\n\tat org.testng.SuiteRunner.run(SuiteRunner.java:312)\r\n\tat org.testng.SuiteRunnerWorker.runSuite(SuiteRunnerWorker.java:52)\r\n\tat org.testng.SuiteRunnerWorker.run(SuiteRunnerWorker.java:95)\r\n\tat org.testng.TestNG.runSuitesSequentially(TestNG.java:1274)\r\n\tat org.testng.TestNG.runSuitesLocally(TestNG.java:1208)\r\n\tat org.testng.TestNG.runSuites(TestNG.java:1112)\r\n\tat org.testng.TestNG.run(TestNG.java:1079)\r\n\tat com.intellij.rt.testng.IDEARemoteTestNG.run(IDEARemoteTestNG.java:65)\r\n\tat com.intellij.rt.testng.RemoteTestNGStarter.main(RemoteTestNGStarter.java:105)\r\nCaused by: org.openqa.selenium.NoSuchElementException: An element could not be located on the page using the given search parameters.\nFor documentation on this error, please visit: https://www.selenium.dev/documentation/webdriver/troubleshooting/errors#no-such-element-exception\nBuild info: version: '4.23.1', revision: '656257d8e9'\nSystem info: os.name: 'Windows 10', os.arch: 'amd64', os.version: '10.0', java.version: '21.0.3'\nDriver info: io.appium.java_client.android.AndroidDriver\nCommand: [970374c8-acc8-4ce5-9dfa-bfb7b9aa90c7, findElement {using=accessibility id, value=test-CHECKOUT}]\nCapabilities {appium:app: C:\\Users\\Yehia.Metwally\\One..., appium:appActivity: com.swaglabsmobileapp.MainA..., appium:appPackage: com.swaglabsmobileapp, appium:automationName: UiAutomator2, appium:databaseEnabled: false, appium:desired: {app: C:\\Users\\Yehia.Metwally\\One..., appActivity: com.swaglabsmobileapp.MainA..., automationName: UiAutomator2, deviceName: SM-M515F/DSN, platformName: ANDROID, platformVersion: 12, udid: RF8NA1WZTCE}, appium:deviceApiLevel: 31, appium:deviceManufacturer: samsung, appium:deviceModel: SM-M515F, appium:deviceName: RF8NA1WZTCE, appium:deviceScreenDensity: 420, appium:deviceScreenSize: 1080x2400, appium:deviceUDID: RF8NA1WZTCE, appium:javascriptEnabled: true, appium:locationContextEnabled: false, appium:networkConnectionEnabled: true, appium:pixelRatio: 2.625, appium:platformVersion: 12, appium:statBarHeight: 91, appium:takesScreenshot: true, appium:udid: RF8NA1WZTCE, appium:viewportRect: {height: 2309, left: 0, top: 91, width: 1080}, appium:warnings: {}, appium:webStorageEnabled: false, platformName: ANDROID}\nSession ID: 970374c8-acc8-4ce5-9dfa-bfb7b9aa90c7\r\n\tat java.base/jdk.internal.reflect.DirectConstructorHandleAccessor.newInstance(DirectConstructorHandleAccessor.java:62)\r\n\tat java.base/java.lang.reflect.Constructor.newInstanceWithCaller(Constructor.java:502)\r\n\tat java.base/java.lang.reflect.Constructor.newInstance(Constructor.java:486)\r\n\tat org.openqa.selenium.remote.ErrorCodec.decode(ErrorCodec.java:167)\r\n\tat org.openqa.selenium.remote.codec.w3c.W3CHttpResponseCodec.decode(W3CHttpResponseCodec.java:138)\r\n\tat org.openqa.selenium.remote.codec.w3c.W3CHttpResponseCodec.decode(W3CHttpResponseCodec.java:50)\r\n\tat org.openqa.selenium.remote.HttpCommandExecutor.execute(HttpCommandExecutor.java:190)\r\n\tat io.appium.java_client.remote.AppiumCommandExecutor.execute(AppiumCommandExecutor.java:237)\r\n\tat org.openqa.selenium.remote.RemoteWebDriver.execute(RemoteWebDriver.java:545)\r\n\tat org.openqa.selenium.remote.ElementLocation$ElementFinder$2.findElement(ElementLocation.java:165)\r\n\tat org.openqa.selenium.remote.ElementLocation.findElement(ElementLocation.java:59)\r\n\tat org.openqa.selenium.remote.RemoteWebDriver.findElement(RemoteWebDriver.java:368)\r\n\tat org.openqa.selenium.remote.RemoteWebDriver.findElement(RemoteWebDriver.java:362)\r\n\tat utils.NativeAndroidActionBot.lambda$tab$1(NativeAndroidActionBot.java:68)\r\n\tat org.openqa.selenium.support.ui.FluentWait.until(FluentWait.java:203)\r\n\t... 28 more\r\n"},"stage":"finished","steps":[],"attachments":[],"parameters":[],"start":1726324287566,"stop":1726324307660}],"attachments":[],"parameters":[],"start":1726324248260,"stop":1726324307665}